2025-03-29 22:55:39,730 - api_monitor - ERROR - Error loading models: [Errno 2] No such file or directory: './models\\service_isolation_forest.pkl'
2025-03-29 22:59:40,090 - api_monitor - INFO - Successfully loaded model with metadata: {'training_time': '2025-03-29T22:54:48.424614', 'training_records': 365, 'feature_records': 12, 'features': ['duration_ms_count', 'duration_ms_mean', 'duration_ms_std', 'duration_ms_min', 'duration_ms_max', 'duration_ms_median', 'is_error_sum', 'is_error_mean', 'error_rate', 'requests_per_minute'], 'anomalies_detected': 2}
2025-03-29 22:59:40,090 - api_monitor - INFO - Starting continuous monitoring with 60s interval
2025-03-29 22:59:40,091 - api_monitor - INFO - Starting anomaly detection check
2025-03-29 22:59:40,106 - elastic_transport.transport - INFO - POST http://localhost:9200/api-logs-*/_search [status:200 duration:0.015s]
2025-03-29 22:59:40,326 - api_monitor - WARNING - No logs found in the specified time range
2025-03-29 22:59:40,326 - api_monitor - WARNING - No logs found to analyze
2025-03-29 22:59:40,326 - api_monitor - INFO - Waiting 60 seconds until next check
2025-03-29 23:00:40,327 - api_monitor - INFO - Starting anomaly detection check
2025-03-29 23:00:40,380 - elastic_transport.transport - INFO - POST http://localhost:9200/api-logs-*/_search [status:200 duration:0.052s]
2025-03-29 23:00:40,382 - api_monitor - WARNING - No logs found in the specified time range
2025-03-29 23:00:40,382 - api_monitor - WARNING - No logs found to analyze
2025-03-29 23:00:40,382 - api_monitor - INFO - Waiting 60 seconds until next check
2025-03-29 23:01:40,383 - api_monitor - INFO - Starting anomaly detection check
2025-03-29 23:01:40,444 - elastic_transport.transport - INFO - POST http://localhost:9200/api-logs-*/_search [status:200 duration:0.061s]
2025-03-29 23:01:40,445 - api_monitor - WARNING - No logs found in the specified time range
2025-03-29 23:01:40,445 - api_monitor - WARNING - No logs found to analyze
2025-03-29 23:01:40,446 - api_monitor - INFO - Waiting 60 seconds until next check
2025-03-29 23:02:40,447 - api_monitor - INFO - Starting anomaly detection check
2025-03-29 23:02:40,514 - elastic_transport.transport - INFO - POST http://localhost:9200/api-logs-*/_search [status:200 duration:0.067s]
2025-03-29 23:02:40,516 - api_monitor - WARNING - No logs found in the specified time range
2025-03-29 23:02:40,516 - api_monitor - WARNING - No logs found to analyze
2025-03-29 23:02:40,516 - api_monitor - INFO - Waiting 60 seconds until next check
2025-03-29 23:03:40,517 - api_monitor - INFO - Starting anomaly detection check
2025-03-29 23:03:40,569 - elastic_transport.transport - INFO - POST http://localhost:9200/api-logs-*/_search [status:200 duration:0.051s]
2025-03-29 23:03:40,571 - api_monitor - WARNING - No logs found in the specified time range
2025-03-29 23:03:40,571 - api_monitor - WARNING - No logs found to analyze
2025-03-29 23:03:40,588 - api_monitor - INFO - Waiting 60 seconds until next check
2025-03-29 23:04:40,589 - api_monitor - INFO - Starting anomaly detection check
2025-03-29 23:04:40,641 - elastic_transport.transport - INFO - POST http://localhost:9200/api-logs-*/_search [status:200 duration:0.052s]
2025-03-29 23:04:40,644 - api_monitor - WARNING - No logs found in the specified time range
2025-03-29 23:04:40,644 - api_monitor - WARNING - No logs found to analyze
2025-03-29 23:04:40,644 - api_monitor - INFO - Waiting 60 seconds until next check
2025-03-29 23:05:40,646 - api_monitor - INFO - Starting anomaly detection check
2025-03-29 23:05:40,695 - elastic_transport.transport - INFO - POST http://localhost:9200/api-logs-*/_search [status:200 duration:0.049s]
2025-03-29 23:05:40,696 - api_monitor - WARNING - No logs found in the specified time range
2025-03-29 23:05:40,697 - api_monitor - WARNING - No logs found to analyze
2025-03-29 23:05:40,697 - api_monitor - INFO - Waiting 60 seconds until next check
2025-03-29 23:06:40,698 - api_monitor - INFO - Starting anomaly detection check
2025-03-29 23:06:40,755 - elastic_transport.transport - INFO - POST http://localhost:9200/api-logs-*/_search [status:200 duration:0.057s]
2025-03-29 23:06:40,757 - api_monitor - WARNING - No logs found in the specified time range
2025-03-29 23:06:40,757 - api_monitor - WARNING - No logs found to analyze
2025-03-29 23:06:40,758 - api_monitor - INFO - Waiting 60 seconds until next check
2025-03-29 23:07:40,759 - api_monitor - INFO - Starting anomaly detection check
2025-03-29 23:07:40,810 - elastic_transport.transport - INFO - POST http://localhost:9200/api-logs-*/_search [status:200 duration:0.050s]
2025-03-29 23:07:40,811 - api_monitor - WARNING - No logs found in the specified time range
2025-03-29 23:07:40,811 - api_monitor - WARNING - No logs found to analyze
2025-03-29 23:07:40,811 - api_monitor - INFO - Waiting 60 seconds until next check
2025-03-29 23:08:40,813 - api_monitor - INFO - Starting anomaly detection check
2025-03-29 23:08:40,874 - elastic_transport.transport - INFO - POST http://localhost:9200/api-logs-*/_search [status:200 duration:0.061s]
2025-03-29 23:08:40,876 - api_monitor - WARNING - No logs found in the specified time range
2025-03-29 23:08:40,876 - api_monitor - WARNING - No logs found to analyze
2025-03-29 23:08:40,876 - api_monitor - INFO - Waiting 60 seconds until next check
2025-03-29 23:09:40,877 - api_monitor - INFO - Starting anomaly detection check
2025-03-29 23:09:40,928 - elastic_transport.transport - INFO - POST http://localhost:9200/api-logs-*/_search [status:200 duration:0.050s]
2025-03-29 23:09:40,929 - api_monitor - WARNING - No logs found in the specified time range
2025-03-29 23:09:40,929 - api_monitor - WARNING - No logs found to analyze
2025-03-29 23:09:40,929 - api_monitor - INFO - Waiting 60 seconds until next check
2025-03-29 23:10:40,930 - api_monitor - INFO - Starting anomaly detection check
2025-03-29 23:10:40,981 - elastic_transport.transport - INFO - POST http://localhost:9200/api-logs-*/_search [status:200 duration:0.050s]
2025-03-29 23:10:40,983 - api_monitor - WARNING - No logs found in the specified time range
2025-03-29 23:10:40,983 - api_monitor - WARNING - No logs found to analyze
2025-03-29 23:10:40,984 - api_monitor - INFO - Waiting 60 seconds until next check
2025-03-29 23:11:40,985 - api_monitor - INFO - Starting anomaly detection check
2025-03-29 23:11:41,043 - elastic_transport.transport - INFO - POST http://localhost:9200/api-logs-*/_search [status:200 duration:0.058s]
2025-03-29 23:11:41,047 - api_monitor - WARNING - No logs found in the specified time range
2025-03-29 23:11:41,047 - api_monitor - WARNING - No logs found to analyze
2025-03-29 23:11:41,048 - api_monitor - INFO - Waiting 60 seconds until next check
2025-03-29 23:12:41,049 - api_monitor - INFO - Starting anomaly detection check
2025-03-29 23:12:41,108 - elastic_transport.transport - INFO - POST http://localhost:9200/api-logs-*/_search [status:200 duration:0.058s]
2025-03-29 23:12:41,109 - api_monitor - WARNING - No logs found in the specified time range
2025-03-29 23:12:41,109 - api_monitor - WARNING - No logs found to analyze
2025-03-29 23:12:41,110 - api_monitor - INFO - Waiting 60 seconds until next check
